{"/Users/diegofuego/Desktop/OrganicaAISolutions/src/App.jsx": {"path":"/Users/diegofuego/Desktop/OrganicaAISolutions/src/App.jsx","statementMap":{"0":{"start":{"line":14,"column":2},"end":{"line":39,"column":4}}},"fnMap":{"0":{"name":"App","decl":{"start":{"line":13,"column":9},"end":{"line":13,"column":12}},"loc":{"start":{"line":13,"column":15},"end":{"line":40,"column":1}},"line":13}},"branchMap":{},"s":{"0":0},"f":{"0":0},"b":{}}
,"/Users/diegofuego/Desktop/OrganicaAISolutions/src/components/Chatbot.jsx": {"path":"/Users/diegofuego/Desktop/OrganicaAISolutions/src/components/Chatbot.jsx","statementMap":{"0":{"start":{"line":5,"column":30},"end":{"line":5,"column":45}},"1":{"start":{"line":6,"column":34},"end":{"line":6,"column":46}},"2":{"start":{"line":7,"column":42},"end":{"line":7,"column":54}},"3":{"start":{"line":9,"column":23},"end":{"line":24,"column":3}},"4":{"start":{"line":10,"column":4},"end":{"line":10,"column":23}},"5":{"start":{"line":11,"column":4},"end":{"line":11,"column":37}},"6":{"start":{"line":11,"column":30},"end":{"line":11,"column":37}},"7":{"start":{"line":13,"column":24},"end":{"line":13,"column":62}},"8":{"start":{"line":14,"column":4},"end":{"line":14,"column":48}},"9":{"start":{"line":14,"column":24},"end":{"line":14,"column":46}},"10":{"start":{"line":15,"column":4},"end":{"line":15,"column":24}},"11":{"start":{"line":17,"column":4},"end":{"line":23,"column":5}},"12":{"start":{"line":18,"column":23},"end":{"line":18,"column":66}},"13":{"start":{"line":19,"column":25},"end":{"line":19,"column":63}},"14":{"start":{"line":20,"column":6},"end":{"line":20,"column":49}},"15":{"start":{"line":20,"column":26},"end":{"line":20,"column":47}},"16":{"start":{"line":22,"column":6},"end":{"line":22,"column":42}},"17":{"start":{"line":26,"column":2},"end":{"line":77,"column":4}},"18":{"start":{"line":32,"column":35},"end":{"line":32,"column":51}},"19":{"start":{"line":39,"column":14},"end":{"line":46,"column":20}},"20":{"start":{"line":55,"column":33},"end":{"line":55,"column":64}},"21":{"start":{"line":70,"column":25},"end":{"line":70,"column":40}}},"fnMap":{"0":{"name":"Chatbot","decl":{"start":{"line":4,"column":9},"end":{"line":4,"column":16}},"loc":{"start":{"line":4,"column":19},"end":{"line":78,"column":1}},"line":4},"1":{"name":"(anonymous_1)","decl":{"start":{"line":9,"column":23},"end":{"line":9,"column":24}},"loc":{"start":{"line":9,"column":36},"end":{"line":24,"column":3}},"line":9},"2":{"name":"(anonymous_2)","decl":{"start":{"line":14,"column":16},"end":{"line":14,"column":17}},"loc":{"start":{"line":14,"column":24},"end":{"line":14,"column":46}},"line":14},"3":{"name":"(anonymous_3)","decl":{"start":{"line":20,"column":18},"end":{"line":20,"column":19}},"loc":{"start":{"line":20,"column":26},"end":{"line":20,"column":47}},"line":20},"4":{"name":"(anonymous_4)","decl":{"start":{"line":32,"column":29},"end":{"line":32,"column":30}},"loc":{"start":{"line":32,"column":35},"end":{"line":32,"column":51}},"line":32},"5":{"name":"(anonymous_5)","decl":{"start":{"line":38,"column":26},"end":{"line":38,"column":27}},"loc":{"start":{"line":39,"column":14},"end":{"line":46,"column":20}},"line":39},"6":{"name":"(anonymous_6)","decl":{"start":{"line":55,"column":26},"end":{"line":55,"column":27}},"loc":{"start":{"line":55,"column":33},"end":{"line":55,"column":64}},"line":55},"7":{"name":"(anonymous_7)","decl":{"start":{"line":70,"column":19},"end":{"line":70,"column":20}},"loc":{"start":{"line":70,"column":25},"end":{"line":70,"column":40}},"line":70}},"branchMap":{"0":{"loc":{"start":{"line":11,"column":4},"end":{"line":11,"column":37}},"type":"if","locations":[{"start":{"line":11,"column":4},"end":{"line":11,"column":37}},{"start":{},"end":{}}],"line":11},"1":{"loc":{"start":{"line":28,"column":7},"end":{"line":75,"column":7}},"type":"cond-expr","locations":[{"start":{"line":29,"column":8},"end":{"line":67,"column":14}},{"start":{"line":69,"column":8},"end":{"line":74,"column":17}}],"line":28},"2":{"loc":{"start":{"line":42,"column":18},"end":{"line":42,"column":101}},"type":"cond-expr","locations":[{"start":{"line":42,"column":46},"end":{"line":42,"column":77}},{"start":{"line":42,"column":80},"end":{"line":42,"column":101}}],"line":42}},"s":{"0":0,"1":0,"2":0,"3":0,"4":0,"5":0,"6":0,"7":0,"8":0,"9":0,"10":0,"11":0,"12":0,"13":0,"14":0,"15":0,"16":0,"17":0,"18":0,"19":0,"20":0,"21":0},"f":{"0":0,"1":0,"2":0,"3":0,"4":0,"5":0,"6":0,"7":0},"b":{"0":[0,0],"1":[0,0],"2":[0,0]}}
,"/Users/diegofuego/Desktop/OrganicaAISolutions/src/components/Footer.jsx": {"path":"/Users/diegofuego/Desktop/OrganicaAISolutions/src/components/Footer.jsx","statementMap":{"0":{"start":{"line":5,"column":2},"end":{"line":62,"column":4}}},"fnMap":{"0":{"name":"Footer","decl":{"start":{"line":4,"column":9},"end":{"line":4,"column":15}},"loc":{"start":{"line":4,"column":18},"end":{"line":63,"column":1}},"line":4}},"branchMap":{},"s":{"0":0},"f":{"0":0},"b":{}}
,"/Users/diegofuego/Desktop/OrganicaAISolutions/src/components/Navbar.jsx": {"path":"/Users/diegofuego/Desktop/OrganicaAISolutions/src/components/Navbar.jsx","statementMap":{"0":{"start":{"line":6,"column":30},"end":{"line":6,"column":45}},"1":{"start":{"line":8,"column":2},"end":{"line":72,"column":4}},"2":{"start":{"line":47,"column":29},"end":{"line":47,"column":47}}},"fnMap":{"0":{"name":"Navbar","decl":{"start":{"line":5,"column":9},"end":{"line":5,"column":15}},"loc":{"start":{"line":5,"column":18},"end":{"line":73,"column":1}},"line":5},"1":{"name":"(anonymous_1)","decl":{"start":{"line":47,"column":23},"end":{"line":47,"column":24}},"loc":{"start":{"line":47,"column":29},"end":{"line":47,"column":47}},"line":47}},"branchMap":{"0":{"loc":{"start":{"line":50,"column":15},"end":{"line":54,"column":15}},"type":"cond-expr","locations":[{"start":{"line":51,"column":16},"end":{"line":51,"column":55}},{"start":{"line":53,"column":16},"end":{"line":53,"column":55}}],"line":50},"1":{"loc":{"start":{"line":61,"column":7},"end":{"line":70,"column":7}},"type":"binary-expr","locations":[{"start":{"line":61,"column":7},"end":{"line":61,"column":13}},{"start":{"line":62,"column":8},"end":{"line":69,"column":14}}],"line":61}},"s":{"0":1,"1":1,"2":0},"f":{"0":1,"1":0},"b":{"0":[0,1],"1":[1,0]},"_coverageSchema":"1a1c01bbd47fc00a2c39e90264f33305004495a9","hash":"58f18c7e9e646c80a7a82f3907ebe14a20d43065"}
,"/Users/diegofuego/Desktop/OrganicaAISolutions/src/components/ProtectedRoute.jsx": {"path":"/Users/diegofuego/Desktop/OrganicaAISolutions/src/components/ProtectedRoute.jsx","statementMap":{"0":{"start":{"line":5,"column":28},"end":{"line":5,"column":37}},"1":{"start":{"line":7,"column":2},"end":{"line":13,"column":3}},"2":{"start":{"line":8,"column":4},"end":{"line":12,"column":6}},"3":{"start":{"line":15,"column":2},"end":{"line":17,"column":3}},"4":{"start":{"line":16,"column":4},"end":{"line":16,"column":36}},"5":{"start":{"line":19,"column":2},"end":{"line":19,"column":18}}},"fnMap":{"0":{"name":"ProtectedRoute","decl":{"start":{"line":4,"column":9},"end":{"line":4,"column":23}},"loc":{"start":{"line":4,"column":38},"end":{"line":20,"column":1}},"line":4}},"branchMap":{"0":{"loc":{"start":{"line":7,"column":2},"end":{"line":13,"column":3}},"type":"if","locations":[{"start":{"line":7,"column":2},"end":{"line":13,"column":3}},{"start":{},"end":{}}],"line":7},"1":{"loc":{"start":{"line":15,"column":2},"end":{"line":17,"column":3}},"type":"if","locations":[{"start":{"line":15,"column":2},"end":{"line":17,"column":3}},{"start":{},"end":{}}],"line":15}},"s":{"0":0,"1":0,"2":0,"3":0,"4":0,"5":0},"f":{"0":0},"b":{"0":[0,0],"1":[0,0]}}
,"/Users/diegofuego/Desktop/OrganicaAISolutions/src/contexts/AuthContext.jsx": {"path":"/Users/diegofuego/Desktop/OrganicaAISolutions/src/contexts/AuthContext.jsx","statementMap":{"0":{"start":{"line":4,"column":20},"end":{"line":4,"column":39}},"1":{"start":{"line":6,"column":28},"end":{"line":50,"column":1}},"2":{"start":{"line":7,"column":26},"end":{"line":7,"column":40}},"3":{"start":{"line":8,"column":32},"end":{"line":8,"column":46}},"4":{"start":{"line":10,"column":2},"end":{"line":19,"column":9}},"5":{"start":{"line":12,"column":18},"end":{"line":12,"column":47}},"6":{"start":{"line":13,"column":4},"end":{"line":17,"column":5}},"7":{"start":{"line":16,"column":6},"end":{"line":16,"column":25}},"8":{"start":{"line":18,"column":4},"end":{"line":18,"column":22}},"9":{"start":{"line":21,"column":16},"end":{"line":31,"column":3}},"10":{"start":{"line":22,"column":4},"end":{"line":30,"column":5}},"11":{"start":{"line":23,"column":23},"end":{"line":23,"column":59}},"12":{"start":{"line":24,"column":30},"end":{"line":24,"column":43}},"13":{"start":{"line":25,"column":6},"end":{"line":25,"column":43}},"14":{"start":{"line":26,"column":6},"end":{"line":26,"column":20}},"15":{"start":{"line":27,"column":6},"end":{"line":27,"column":18}},"16":{"start":{"line":29,"column":6},"end":{"line":29,"column":18}},"17":{"start":{"line":33,"column":17},"end":{"line":36,"column":3}},"18":{"start":{"line":34,"column":4},"end":{"line":34,"column":25}},"19":{"start":{"line":35,"column":4},"end":{"line":35,"column":18}},"20":{"start":{"line":38,"column":16},"end":{"line":43,"column":3}},"21":{"start":{"line":45,"column":2},"end":{"line":49,"column":4}},"22":{"start":{"line":52,"column":23},"end":{"line":58,"column":1}},"23":{"start":{"line":53,"column":18},"end":{"line":53,"column":41}},"24":{"start":{"line":54,"column":2},"end":{"line":56,"column":3}},"25":{"start":{"line":55,"column":4},"end":{"line":55,"column":67}},"26":{"start":{"line":57,"column":2},"end":{"line":57,"column":17}}},"fnMap":{"0":{"name":"(anonymous_0)","decl":{"start":{"line":6,"column":28},"end":{"line":6,"column":29}},"loc":{"start":{"line":6,"column":46},"end":{"line":50,"column":1}},"line":6},"1":{"name":"(anonymous_1)","decl":{"start":{"line":10,"column":12},"end":{"line":10,"column":13}},"loc":{"start":{"line":10,"column":18},"end":{"line":19,"column":3}},"line":10},"2":{"name":"(anonymous_2)","decl":{"start":{"line":21,"column":16},"end":{"line":21,"column":17}},"loc":{"start":{"line":21,"column":39},"end":{"line":31,"column":3}},"line":21},"3":{"name":"(anonymous_3)","decl":{"start":{"line":33,"column":17},"end":{"line":33,"column":18}},"loc":{"start":{"line":33,"column":23},"end":{"line":36,"column":3}},"line":33},"4":{"name":"(anonymous_4)","decl":{"start":{"line":52,"column":23},"end":{"line":52,"column":24}},"loc":{"start":{"line":52,"column":29},"end":{"line":58,"column":1}},"line":52}},"branchMap":{"0":{"loc":{"start":{"line":13,"column":4},"end":{"line":17,"column":5}},"type":"if","locations":[{"start":{"line":13,"column":4},"end":{"line":17,"column":5}},{"start":{},"end":{}}],"line":13},"1":{"loc":{"start":{"line":47,"column":7},"end":{"line":47,"column":27}},"type":"binary-expr","locations":[{"start":{"line":47,"column":7},"end":{"line":47,"column":15}},{"start":{"line":47,"column":19},"end":{"line":47,"column":27}}],"line":47},"2":{"loc":{"start":{"line":54,"column":2},"end":{"line":56,"column":3}},"type":"if","locations":[{"start":{"line":54,"column":2},"end":{"line":56,"column":3}},{"start":{},"end":{}}],"line":54}},"s":{"0":1,"1":1,"2":6,"3":6,"4":6,"5":3,"6":3,"7":0,"8":3,"9":6,"10":2,"11":2,"12":1,"13":0,"14":0,"15":0,"16":2,"17":6,"18":0,"19":0,"20":6,"21":6,"22":1,"23":11,"24":11,"25":0,"26":11},"f":{"0":6,"1":3,"2":2,"3":0,"4":11},"b":{"0":[0,3],"1":[6,3],"2":[0,11]},"_coverageSchema":"1a1c01bbd47fc00a2c39e90264f33305004495a9","hash":"36fa7a0a17e55479b021ebea1ee905bee20697d9"}
,"/Users/diegofuego/Desktop/OrganicaAISolutions/src/pages/About.jsx": {"path":"/Users/diegofuego/Desktop/OrganicaAISolutions/src/pages/About.jsx","statementMap":{"0":{"start":{"line":4,"column":2},"end":{"line":80,"column":4}},"1":{"start":{"line":68,"column":14},"end":{"line":74,"column":20}}},"fnMap":{"0":{"name":"About","decl":{"start":{"line":3,"column":9},"end":{"line":3,"column":14}},"loc":{"start":{"line":3,"column":17},"end":{"line":81,"column":1}},"line":3},"1":{"name":"(anonymous_1)","decl":{"start":{"line":67,"column":18},"end":{"line":67,"column":19}},"loc":{"start":{"line":68,"column":14},"end":{"line":74,"column":20}},"line":68}},"branchMap":{},"s":{"0":0,"1":0},"f":{"0":0,"1":0},"b":{}}
,"/Users/diegofuego/Desktop/OrganicaAISolutions/src/pages/Contact.jsx": {"path":"/Users/diegofuego/Desktop/OrganicaAISolutions/src/pages/Contact.jsx","statementMap":{"0":{"start":{"line":5,"column":34},"end":{"line":10,"column":4}},"1":{"start":{"line":12,"column":23},"end":{"line":16,"column":3}},"2":{"start":{"line":13,"column":4},"end":{"line":13,"column":23}},"3":{"start":{"line":15,"column":4},"end":{"line":15,"column":45}},"4":{"start":{"line":18,"column":23},"end":{"line":23,"column":3}},"5":{"start":{"line":19,"column":4},"end":{"line":22,"column":7}},"6":{"start":{"line":25,"column":2},"end":{"line":139,"column":4}}},"fnMap":{"0":{"name":"Contact","decl":{"start":{"line":4,"column":9},"end":{"line":4,"column":16}},"loc":{"start":{"line":4,"column":19},"end":{"line":140,"column":1}},"line":4},"1":{"name":"(anonymous_1)","decl":{"start":{"line":12,"column":23},"end":{"line":12,"column":24}},"loc":{"start":{"line":12,"column":36},"end":{"line":16,"column":3}},"line":12},"2":{"name":"(anonymous_2)","decl":{"start":{"line":18,"column":23},"end":{"line":18,"column":24}},"loc":{"start":{"line":18,"column":30},"end":{"line":23,"column":3}},"line":18}},"branchMap":{},"s":{"0":0,"1":0,"2":0,"3":0,"4":0,"5":0,"6":0},"f":{"0":0,"1":0,"2":0},"b":{}}
,"/Users/diegofuego/Desktop/OrganicaAISolutions/src/pages/Dashboard.jsx": {"path":"/Users/diegofuego/Desktop/OrganicaAISolutions/src/pages/Dashboard.jsx","statementMap":{"0":{"start":{"line":5,"column":27},"end":{"line":5,"column":36}},"1":{"start":{"line":6,"column":36},"end":{"line":6,"column":56}},"2":{"start":{"line":8,"column":16},"end":{"line":13,"column":3}},"3":{"start":{"line":15,"column":27},"end":{"line":19,"column":3}},"4":{"start":{"line":21,"column":2},"end":{"line":98,"column":4}},"5":{"start":{"line":42,"column":12},"end":{"line":45,"column":18}},"6":{"start":{"line":55,"column":16},"end":{"line":65,"column":25}},"7":{"start":{"line":57,"column":33},"end":{"line":57,"column":50}},"8":{"start":{"line":77,"column":20},"end":{"line":88,"column":26}}},"fnMap":{"0":{"name":"Dashboard","decl":{"start":{"line":4,"column":9},"end":{"line":4,"column":18}},"loc":{"start":{"line":4,"column":21},"end":{"line":99,"column":1}},"line":4},"1":{"name":"(anonymous_1)","decl":{"start":{"line":41,"column":21},"end":{"line":41,"column":22}},"loc":{"start":{"line":42,"column":12},"end":{"line":45,"column":18}},"line":42},"2":{"name":"(anonymous_2)","decl":{"start":{"line":54,"column":69},"end":{"line":54,"column":70}},"loc":{"start":{"line":55,"column":16},"end":{"line":65,"column":25}},"line":55},"3":{"name":"(anonymous_3)","decl":{"start":{"line":57,"column":27},"end":{"line":57,"column":28}},"loc":{"start":{"line":57,"column":33},"end":{"line":57,"column":50}},"line":57},"4":{"name":"(anonymous_4)","decl":{"start":{"line":76,"column":40},"end":{"line":76,"column":41}},"loc":{"start":{"line":77,"column":20},"end":{"line":88,"column":26}},"line":77}},"branchMap":{"0":{"loc":{"start":{"line":59,"column":20},"end":{"line":61,"column":100}},"type":"cond-expr","locations":[{"start":{"line":60,"column":24},"end":{"line":60,"column":53}},{"start":{"line":61,"column":24},"end":{"line":61,"column":100}}],"line":59},"1":{"loc":{"start":{"line":72,"column":13},"end":{"line":92,"column":13}},"type":"binary-expr","locations":[{"start":{"line":72,"column":13},"end":{"line":72,"column":37}},{"start":{"line":73,"column":14},"end":{"line":91,"column":20}}],"line":72}},"s":{"0":0,"1":0,"2":0,"3":0,"4":0,"5":0,"6":0,"7":0,"8":0},"f":{"0":0,"1":0,"2":0,"3":0,"4":0},"b":{"0":[0,0],"1":[0,0]}}
,"/Users/diegofuego/Desktop/OrganicaAISolutions/src/pages/Home.jsx": {"path":"/Users/diegofuego/Desktop/OrganicaAISolutions/src/pages/Home.jsx","statementMap":{"0":{"start":{"line":6,"column":2},"end":{"line":109,"column":4}},"1":{"start":{"line":75,"column":14},"end":{"line":82,"column":20}}},"fnMap":{"0":{"name":"Home","decl":{"start":{"line":5,"column":9},"end":{"line":5,"column":13}},"loc":{"start":{"line":5,"column":16},"end":{"line":110,"column":1}},"line":5},"1":{"name":"(anonymous_1)","decl":{"start":{"line":74,"column":18},"end":{"line":74,"column":19}},"loc":{"start":{"line":75,"column":14},"end":{"line":82,"column":20}},"line":75}},"branchMap":{},"s":{"0":0,"1":0},"f":{"0":0,"1":0},"b":{}}
,"/Users/diegofuego/Desktop/OrganicaAISolutions/src/pages/Login.jsx": {"path":"/Users/diegofuego/Desktop/OrganicaAISolutions/src/pages/Login.jsx","statementMap":{"0":{"start":{"line":6,"column":40},"end":{"line":9,"column":4}},"1":{"start":{"line":10,"column":28},"end":{"line":10,"column":40}},"2":{"start":{"line":11,"column":32},"end":{"line":11,"column":47}},"3":{"start":{"line":12,"column":19},"end":{"line":12,"column":32}},"4":{"start":{"line":13,"column":20},"end":{"line":13,"column":29}},"5":{"start":{"line":15,"column":23},"end":{"line":30,"column":3}},"6":{"start":{"line":16,"column":4},"end":{"line":16,"column":23}},"7":{"start":{"line":17,"column":4},"end":{"line":29,"column":5}},"8":{"start":{"line":18,"column":6},"end":{"line":18,"column":19}},"9":{"start":{"line":19,"column":6},"end":{"line":19,"column":23}},"10":{"start":{"line":20,"column":19},"end":{"line":20,"column":43}},"11":{"start":{"line":21,"column":6},"end":{"line":23,"column":7}},"12":{"start":{"line":22,"column":8},"end":{"line":22,"column":31}},"13":{"start":{"line":25,"column":6},"end":{"line":25,"column":68}},"14":{"start":{"line":26,"column":6},"end":{"line":26,"column":41}},"15":{"start":{"line":28,"column":6},"end":{"line":28,"column":24}},"16":{"start":{"line":32,"column":23},"end":{"line":37,"column":3}},"17":{"start":{"line":33,"column":4},"end":{"line":36,"column":7}},"18":{"start":{"line":39,"column":2},"end":{"line":125,"column":4}}},"fnMap":{"0":{"name":"Login","decl":{"start":{"line":5,"column":9},"end":{"line":5,"column":14}},"loc":{"start":{"line":5,"column":17},"end":{"line":126,"column":1}},"line":5},"1":{"name":"(anonymous_1)","decl":{"start":{"line":15,"column":23},"end":{"line":15,"column":24}},"loc":{"start":{"line":15,"column":36},"end":{"line":30,"column":3}},"line":15},"2":{"name":"(anonymous_2)","decl":{"start":{"line":32,"column":23},"end":{"line":32,"column":24}},"loc":{"start":{"line":32,"column":30},"end":{"line":37,"column":3}},"line":32}},"branchMap":{"0":{"loc":{"start":{"line":21,"column":6},"end":{"line":23,"column":7}},"type":"if","locations":[{"start":{"line":21,"column":6},"end":{"line":23,"column":7}},{"start":{},"end":{}}],"line":21},"1":{"loc":{"start":{"line":50,"column":11},"end":{"line":54,"column":11}},"type":"binary-expr","locations":[{"start":{"line":50,"column":11},"end":{"line":50,"column":16}},{"start":{"line":51,"column":12},"end":{"line":53,"column":18}}],"line":50},"2":{"loc":{"start":{"line":108,"column":18},"end":{"line":108,"column":81}},"type":"cond-expr","locations":[{"start":{"line":108,"column":28},"end":{"line":108,"column":59}},{"start":{"line":108,"column":62},"end":{"line":108,"column":81}}],"line":108},"3":{"loc":{"start":{"line":110,"column":15},"end":{"line":110,"column":52}},"type":"cond-expr","locations":[{"start":{"line":110,"column":25},"end":{"line":110,"column":40}},{"start":{"line":110,"column":43},"end":{"line":110,"column":52}}],"line":110}},"s":{"0":11,"1":11,"2":11,"3":11,"4":11,"5":11,"6":2,"7":2,"8":2,"9":2,"10":2,"11":0,"12":0,"13":2,"14":2,"15":2,"16":11,"17":4,"18":11},"f":{"0":11,"1":2,"2":4},"b":{"0":[0,0],"1":[11,2],"2":[2,9],"3":[2,9]},"_coverageSchema":"1a1c01bbd47fc00a2c39e90264f33305004495a9","hash":"55962ea2c4732799807b65e058f0f1ab6478b02e"}
,"/Users/diegofuego/Desktop/OrganicaAISolutions/src/pages/Services.jsx": {"path":"/Users/diegofuego/Desktop/OrganicaAISolutions/src/pages/Services.jsx","statementMap":{"0":{"start":{"line":5,"column":19},"end":{"line":50,"column":3}},"1":{"start":{"line":52,"column":2},"end":{"line":114,"column":4}},"2":{"start":{"line":71,"column":14},"end":{"line":90,"column":20}},"3":{"start":{"line":81,"column":22},"end":{"line":86,"column":27}}},"fnMap":{"0":{"name":"Services","decl":{"start":{"line":4,"column":9},"end":{"line":4,"column":17}},"loc":{"start":{"line":4,"column":20},"end":{"line":115,"column":1}},"line":4},"1":{"name":"(anonymous_1)","decl":{"start":{"line":70,"column":26},"end":{"line":70,"column":27}},"loc":{"start":{"line":71,"column":14},"end":{"line":90,"column":20}},"line":71},"2":{"name":"(anonymous_2)","decl":{"start":{"line":80,"column":42},"end":{"line":80,"column":43}},"loc":{"start":{"line":81,"column":22},"end":{"line":86,"column":27}},"line":81}},"branchMap":{},"s":{"0":0,"1":0,"2":0,"3":0},"f":{"0":0,"1":0,"2":0},"b":{}}
,"/Users/diegofuego/Desktop/OrganicaAISolutions/src/pages/Signup.jsx": {"path":"/Users/diegofuego/Desktop/OrganicaAISolutions/src/pages/Signup.jsx","statementMap":{"0":{"start":{"line":6,"column":34},"end":{"line":11,"column":4}},"1":{"start":{"line":12,"column":28},"end":{"line":12,"column":40}},"2":{"start":{"line":13,"column":32},"end":{"line":13,"column":47}},"3":{"start":{"line":14,"column":19},"end":{"line":14,"column":32}},"4":{"start":{"line":15,"column":21},"end":{"line":15,"column":30}},"5":{"start":{"line":17,"column":23},"end":{"line":35,"column":3}},"6":{"start":{"line":18,"column":4},"end":{"line":18,"column":23}},"7":{"start":{"line":20,"column":4},"end":{"line":22,"column":5}},"8":{"start":{"line":21,"column":6},"end":{"line":21,"column":48}},"9":{"start":{"line":24,"column":4},"end":{"line":34,"column":5}},"10":{"start":{"line":25,"column":6},"end":{"line":25,"column":19}},"11":{"start":{"line":26,"column":6},"end":{"line":26,"column":23}},"12":{"start":{"line":27,"column":6},"end":{"line":27,"column":29}},"13":{"start":{"line":28,"column":6},"end":{"line":28,"column":29}},"14":{"start":{"line":30,"column":6},"end":{"line":30,"column":65}},"15":{"start":{"line":31,"column":6},"end":{"line":31,"column":42}},"16":{"start":{"line":33,"column":6},"end":{"line":33,"column":24}},"17":{"start":{"line":37,"column":23},"end":{"line":42,"column":3}},"18":{"start":{"line":38,"column":4},"end":{"line":41,"column":7}},"19":{"start":{"line":44,"column":2},"end":{"line":139,"column":4}}},"fnMap":{"0":{"name":"Signup","decl":{"start":{"line":5,"column":9},"end":{"line":5,"column":15}},"loc":{"start":{"line":5,"column":18},"end":{"line":140,"column":1}},"line":5},"1":{"name":"(anonymous_1)","decl":{"start":{"line":17,"column":23},"end":{"line":17,"column":24}},"loc":{"start":{"line":17,"column":36},"end":{"line":35,"column":3}},"line":17},"2":{"name":"(anonymous_2)","decl":{"start":{"line":37,"column":23},"end":{"line":37,"column":24}},"loc":{"start":{"line":37,"column":30},"end":{"line":42,"column":3}},"line":37}},"branchMap":{"0":{"loc":{"start":{"line":20,"column":4},"end":{"line":22,"column":5}},"type":"if","locations":[{"start":{"line":20,"column":4},"end":{"line":22,"column":5}},{"start":{},"end":{}}],"line":20},"1":{"loc":{"start":{"line":55,"column":11},"end":{"line":59,"column":11}},"type":"binary-expr","locations":[{"start":{"line":55,"column":11},"end":{"line":55,"column":16}},{"start":{"line":56,"column":12},"end":{"line":58,"column":18}}],"line":55},"2":{"loc":{"start":{"line":122,"column":18},"end":{"line":122,"column":81}},"type":"cond-expr","locations":[{"start":{"line":122,"column":28},"end":{"line":122,"column":59}},{"start":{"line":122,"column":62},"end":{"line":122,"column":81}}],"line":122},"3":{"loc":{"start":{"line":124,"column":15},"end":{"line":124,"column":65}},"type":"cond-expr","locations":[{"start":{"line":124,"column":25},"end":{"line":124,"column":46}},{"start":{"line":124,"column":49},"end":{"line":124,"column":65}}],"line":124}},"s":{"0":0,"1":0,"2":0,"3":0,"4":0,"5":0,"6":0,"7":0,"8":0,"9":0,"10":0,"11":0,"12":0,"13":0,"14":0,"15":0,"16":0,"17":0,"18":0,"19":0},"f":{"0":0,"1":0,"2":0},"b":{"0":[0,0],"1":[0,0],"2":[0,0],"3":[0,0]}}
,"/Users/diegofuego/Desktop/OrganicaAISolutions/src/utils/api.js": {"path":"/Users/diegofuego/Desktop/OrganicaAISolutions/src/utils/api.js","statementMap":{"0":{"start":{"line":1,"column":14},"end":{"line":1,"column":30}},"1":{"start":{"line":3,"column":16},"end":{"line":3,"column":76}},"2":{"start":{"line":5,"column":12},"end":{"line":10,"column":2}},"3":{"start":{"line":13,"column":0},"end":{"line":19,"column":3}},"4":{"start":{"line":14,"column":16},"end":{"line":14,"column":45}},"5":{"start":{"line":15,"column":2},"end":{"line":17,"column":3}},"6":{"start":{"line":16,"column":4},"end":{"line":16,"column":53}},"7":{"start":{"line":18,"column":2},"end":{"line":18,"column":16}},"8":{"start":{"line":21,"column":27},"end":{"line":36,"column":1}},"9":{"start":{"line":23,"column":21},"end":{"line":23,"column":58}},"10":{"start":{"line":24,"column":4},"end":{"line":24,"column":25}},"11":{"start":{"line":27,"column":21},"end":{"line":27,"column":56}},"12":{"start":{"line":28,"column":4},"end":{"line":28,"column":25}},"13":{"start":{"line":31,"column":4},"end":{"line":31,"column":37}},"14":{"start":{"line":34,"column":4},"end":{"line":34,"column":34}}},"fnMap":{"0":{"name":"(anonymous_0)","decl":{"start":{"line":13,"column":29},"end":{"line":13,"column":30}},"loc":{"start":{"line":13,"column":41},"end":{"line":19,"column":1}},"line":13},"1":{"name":"(anonymous_1)","decl":{"start":{"line":22,"column":9},"end":{"line":22,"column":10}},"loc":{"start":{"line":22,"column":32},"end":{"line":25,"column":3}},"line":22},"2":{"name":"(anonymous_2)","decl":{"start":{"line":26,"column":10},"end":{"line":26,"column":11}},"loc":{"start":{"line":26,"column":30},"end":{"line":29,"column":3}},"line":26},"3":{"name":"(anonymous_3)","decl":{"start":{"line":30,"column":10},"end":{"line":30,"column":11}},"loc":{"start":{"line":30,"column":16},"end":{"line":32,"column":3}},"line":30},"4":{"name":"(anonymous_4)","decl":{"start":{"line":33,"column":18},"end":{"line":33,"column":19}},"loc":{"start":{"line":33,"column":30},"end":{"line":35,"column":3}},"line":33}},"branchMap":{"0":{"loc":{"start":{"line":3,"column":16},"end":{"line":3,"column":76}},"type":"binary-expr","locations":[{"start":{"line":3,"column":16},"end":{"line":3,"column":45}},{"start":{"line":3,"column":49},"end":{"line":3,"column":76}}],"line":3},"1":{"loc":{"start":{"line":15,"column":2},"end":{"line":17,"column":3}},"type":"if","locations":[{"start":{"line":15,"column":2},"end":{"line":17,"column":3}},{"start":{},"end":{}}],"line":15}},"s":{"0":0,"1":0,"2":0,"3":0,"4":0,"5":0,"6":0,"7":0,"8":0,"9":0,"10":0,"11":0,"12":0,"13":0,"14":0},"f":{"0":0,"1":0,"2":0,"3":0,"4":0},"b":{"0":[0,0],"1":[0,0]}}
,"/Users/diegofuego/Desktop/OrganicaAISolutions/src/utils/test-utils.jsx": {"path":"/Users/diegofuego/Desktop/OrganicaAISolutions/src/utils/test-utils.jsx","statementMap":{"0":{"start":{"line":6,"column":24},"end":{"line":14,"column":1}},"1":{"start":{"line":7,"column":2},"end":{"line":13,"column":4}},"2":{"start":{"line":16,"column":21},"end":{"line":17,"column":54}},"3":{"start":{"line":17,"column":2},"end":{"line":17,"column":54}}},"fnMap":{"0":{"name":"(anonymous_0)","decl":{"start":{"line":6,"column":24},"end":{"line":6,"column":25}},"loc":{"start":{"line":6,"column":42},"end":{"line":14,"column":1}},"line":6},"1":{"name":"(anonymous_1)","decl":{"start":{"line":16,"column":21},"end":{"line":16,"column":22}},"loc":{"start":{"line":17,"column":2},"end":{"line":17,"column":54}},"line":17}},"branchMap":{},"s":{"0":1,"1":3,"2":1,"3":3},"f":{"0":3,"1":3},"b":{},"_coverageSchema":"1a1c01bbd47fc00a2c39e90264f33305004495a9","hash":"877a497d5923d084ab29c2e92c8a8ad3ef5a9973"}
}
