TN:
SF:src/App.jsx
FN:13,App
FNF:1
FNH:0
FNDA:0,App
DA:14,0
LF:1
LH:0
BRF:0
BRH:0
end_of_record
TN:
SF:src/components/Chatbot.jsx
FN:4,Chatbot
FN:9,(anonymous_1)
FN:14,(anonymous_2)
FN:20,(anonymous_3)
FN:32,(anonymous_4)
FN:38,(anonymous_5)
FN:55,(anonymous_6)
FN:70,(anonymous_7)
FNF:8
FNH:0
FNDA:0,Chatbot
FNDA:0,(anonymous_1)
FNDA:0,(anonymous_2)
FNDA:0,(anonymous_3)
FNDA:0,(anonymous_4)
FNDA:0,(anonymous_5)
FNDA:0,(anonymous_6)
FNDA:0,(anonymous_7)
DA:5,0
DA:6,0
DA:7,0
DA:9,0
DA:10,0
DA:11,0
DA:13,0
DA:14,0
DA:15,0
DA:17,0
DA:18,0
DA:19,0
DA:20,0
DA:22,0
DA:26,0
DA:32,0
DA:39,0
DA:55,0
DA:70,0
LF:19
LH:0
BRDA:11,0,0,0
BRDA:11,0,1,0
BRDA:28,1,0,0
BRDA:28,1,1,0
BRDA:42,2,0,0
BRDA:42,2,1,0
BRF:6
BRH:0
end_of_record
TN:
SF:src/components/Footer.jsx
FN:4,Footer
FNF:1
FNH:0
FNDA:0,Footer
DA:5,0
LF:1
LH:0
BRF:0
BRH:0
end_of_record
TN:
SF:src/components/Navbar.jsx
FN:5,Navbar
FN:47,(anonymous_1)
FNF:2
FNH:1
FNDA:1,Navbar
FNDA:0,(anonymous_1)
DA:6,1
DA:8,1
DA:47,0
LF:3
LH:2
BRDA:50,0,0,0
BRDA:50,0,1,1
BRDA:61,1,0,1
BRDA:61,1,1,0
BRF:4
BRH:2
end_of_record
TN:
SF:src/components/ProtectedRoute.jsx
FN:4,ProtectedRoute
FNF:1
FNH:0
FNDA:0,ProtectedRoute
DA:5,0
DA:7,0
DA:8,0
DA:15,0
DA:16,0
DA:19,0
LF:6
LH:0
BRDA:7,0,0,0
BRDA:7,0,1,0
BRDA:15,1,0,0
BRDA:15,1,1,0
BRF:4
BRH:0
end_of_record
TN:
SF:src/contexts/AuthContext.jsx
FN:6,(anonymous_0)
FN:10,(anonymous_1)
FN:21,(anonymous_2)
FN:33,(anonymous_3)
FN:52,(anonymous_4)
FNF:5
FNH:4
FNDA:6,(anonymous_0)
FNDA:3,(anonymous_1)
FNDA:2,(anonymous_2)
FNDA:0,(anonymous_3)
FNDA:11,(anonymous_4)
DA:4,1
DA:6,1
DA:7,6
DA:8,6
DA:10,6
DA:12,3
DA:13,3
DA:16,0
DA:18,3
DA:21,6
DA:22,2
DA:23,2
DA:24,1
DA:25,0
DA:26,0
DA:27,0
DA:29,2
DA:33,6
DA:34,0
DA:35,0
DA:38,6
DA:45,6
DA:52,1
DA:53,11
DA:54,11
DA:55,0
DA:57,11
LF:27
LH:20
BRDA:13,0,0,0
BRDA:13,0,1,3
BRDA:47,1,0,6
BRDA:47,1,1,3
BRDA:54,2,0,0
BRDA:54,2,1,11
BRF:6
BRH:4
end_of_record
TN:
SF:src/pages/About.jsx
FN:3,About
FN:67,(anonymous_1)
FNF:2
FNH:0
FNDA:0,About
FNDA:0,(anonymous_1)
DA:4,0
DA:68,0
LF:2
LH:0
BRF:0
BRH:0
end_of_record
TN:
SF:src/pages/Contact.jsx
FN:4,Contact
FN:12,(anonymous_1)
FN:18,(anonymous_2)
FNF:3
FNH:0
FNDA:0,Contact
FNDA:0,(anonymous_1)
FNDA:0,(anonymous_2)
DA:5,0
DA:12,0
DA:13,0
DA:15,0
DA:18,0
DA:19,0
DA:25,0
LF:7
LH:0
BRF:0
BRH:0
end_of_record
TN:
SF:src/pages/Dashboard.jsx
FN:4,Dashboard
FN:41,(anonymous_1)
FN:54,(anonymous_2)
FN:57,(anonymous_3)
FN:76,(anonymous_4)
FNF:5
FNH:0
FNDA:0,Dashboard
FNDA:0,(anonymous_1)
FNDA:0,(anonymous_2)
FNDA:0,(anonymous_3)
FNDA:0,(anonymous_4)
DA:5,0
DA:6,0
DA:8,0
DA:15,0
DA:21,0
DA:42,0
DA:55,0
DA:57,0
DA:77,0
LF:9
LH:0
BRDA:59,0,0,0
BRDA:59,0,1,0
BRDA:72,1,0,0
BRDA:72,1,1,0
BRF:4
BRH:0
end_of_record
TN:
SF:src/pages/Home.jsx
FN:5,Home
FN:74,(anonymous_1)
FNF:2
FNH:0
FNDA:0,Home
FNDA:0,(anonymous_1)
DA:6,0
DA:75,0
LF:2
LH:0
BRF:0
BRH:0
end_of_record
TN:
SF:src/pages/Login.jsx
FN:5,Login
FN:15,(anonymous_1)
FN:32,(anonymous_2)
FNF:3
FNH:3
FNDA:11,Login
FNDA:2,(anonymous_1)
FNDA:4,(anonymous_2)
DA:6,11
DA:10,11
DA:11,11
DA:12,11
DA:13,11
DA:15,11
DA:16,2
DA:17,2
DA:18,2
DA:19,2
DA:20,2
DA:21,0
DA:22,0
DA:25,2
DA:26,2
DA:28,2
DA:32,11
DA:33,4
DA:39,11
LF:19
LH:17
BRDA:21,0,0,0
BRDA:21,0,1,0
BRDA:50,1,0,11
BRDA:50,1,1,2
BRDA:108,2,0,2
BRDA:108,2,1,9
BRDA:110,3,0,2
BRDA:110,3,1,9
BRF:8
BRH:6
end_of_record
TN:
SF:src/pages/Services.jsx
FN:4,Services
FN:70,(anonymous_1)
FN:80,(anonymous_2)
FNF:3
FNH:0
FNDA:0,Services
FNDA:0,(anonymous_1)
FNDA:0,(anonymous_2)
DA:5,0
DA:52,0
DA:71,0
DA:81,0
LF:4
LH:0
BRF:0
BRH:0
end_of_record
TN:
SF:src/pages/Signup.jsx
FN:5,Signup
FN:17,(anonymous_1)
FN:37,(anonymous_2)
FNF:3
FNH:0
FNDA:0,Signup
FNDA:0,(anonymous_1)
FNDA:0,(anonymous_2)
DA:6,0
DA:12,0
DA:13,0
DA:14,0
DA:15,0
DA:17,0
DA:18,0
DA:20,0
DA:21,0
DA:24,0
DA:25,0
DA:26,0
DA:27,0
DA:28,0
DA:30,0
DA:31,0
DA:33,0
DA:37,0
DA:38,0
DA:44,0
LF:20
LH:0
BRDA:20,0,0,0
BRDA:20,0,1,0
BRDA:55,1,0,0
BRDA:55,1,1,0
BRDA:122,2,0,0
BRDA:122,2,1,0
BRDA:124,3,0,0
BRDA:124,3,1,0
BRF:8
BRH:0
end_of_record
TN:
SF:src/utils/api.js
FN:13,(anonymous_0)
FN:22,(anonymous_1)
FN:26,(anonymous_2)
FN:30,(anonymous_3)
FN:33,(anonymous_4)
FNF:5
FNH:0
FNDA:0,(anonymous_0)
FNDA:0,(anonymous_1)
FNDA:0,(anonymous_2)
FNDA:0,(anonymous_3)
FNDA:0,(anonymous_4)
DA:1,0
DA:3,0
DA:5,0
DA:13,0
DA:14,0
DA:15,0
DA:16,0
DA:18,0
DA:21,0
DA:23,0
DA:24,0
DA:27,0
DA:28,0
DA:31,0
DA:34,0
LF:15
LH:0
BRDA:3,0,0,0
BRDA:3,0,1,0
BRDA:15,1,0,0
BRDA:15,1,1,0
BRF:4
BRH:0
end_of_record
TN:
SF:src/utils/test-utils.jsx
FN:6,(anonymous_0)
FN:16,(anonymous_1)
FNF:2
FNH:2
FNDA:3,(anonymous_0)
FNDA:3,(anonymous_1)
DA:6,1
DA:7,3
DA:16,1
DA:17,3
LF:4
LH:4
BRF:0
BRH:0
end_of_record
